<?xml version="1.0" encoding="UTF-8"?>
<testng-results ignored="0" total="1" passed="1" failed="0" skipped="0">
  <reporter-output>
  </reporter-output>
  <suite started-at="2023-04-13T18:17:10 IST" name="Default suite" finished-at="2023-04-13T18:17:10 IST" duration-ms="88">
    <groups>
    </groups>
    <test started-at="2023-04-13T18:17:10 IST" name="Default test" finished-at="2023-04-13T18:17:10 IST" duration-ms="88">
      <class name="sample.Demo">
        <test-method signature="main()[pri:0, instance:sample.Demo@6a370f4]" started-at="2023-04-13T18:17:10 IST" name="main" finished-at="2023-04-13T18:17:10 IST" duration-ms="15" status="PASS">
          <reporter-output>
          </reporter-output>
        </test-method> <!-- main -->
      </class> <!-- sample.Demo -->
    </test> <!-- Default test -->
  </suite> <!-- Default suite -->
</testng-results>
